0 info it worked if it ends with ok
1 verbose cli [ 'D:\\Soft\\nodejs\\node.exe',
1 verbose cli   'D:\\Soft\\nodejs\\node_modules\\npm\\bin\\npm-cli.js',
1 verbose cli   'run',
1 verbose cli   'dev' ]
2 info using npm@3.10.10
3 info using node@v6.10.1
4 verbose run-script [ 'predev', 'dev', 'postdev' ]
5 info lifecycle react-redux-todolist@1.0.0~predev: react-redux-todolist@1.0.0
6 silly lifecycle react-redux-todolist@1.0.0~predev: no script for predev, continuing
7 info lifecycle react-redux-todolist@1.0.0~dev: react-redux-todolist@1.0.0
8 verbose lifecycle react-redux-todolist@1.0.0~dev: unsafe-perm in lifecycle true
9 verbose lifecycle react-redux-todolist@1.0.0~dev: PATH: D:\Soft\nodejs\node_modules\npm\bin\node-gyp-bin;D:\zh\练习代码\ReactTraining\react-redux-todolist\node_modules\.bin;C:\ProgramData\Oracle\Java\javapath;D:\app\HaoZh\product\12.1.0\client_1;D:\app\HaoZh\product\12.1.0\client_1\bin;C:\Program Files (x86)\Intel\iCLS Client\;C:\Program Files\Intel\iCLS Client\;C:\Program Files (x86)\NVIDIA Corporation\PhysX\Common;C:\Windows\system32;C:\Windows;C:\Windows\System32\Wbem;C:\Windows\System32\WindowsPowerShell\v1.0\;C:\Program Files\Intel\Intel(R) Management Engine Components\DAL;C:\Program Files\Intel\Intel(R) Management Engine Components\IPT;C:\Program Files (x86)\Intel\Intel(R) Management Engine Components\DAL;C:\Program Files (x86)\Intel\Intel(R) Management Engine Components\IPT;C:\Program Files (x86)\ATI Technologies\ATI.ACE\Core-Static;C:\Program Files (x86)\Windows Kits\8.1\Windows Performance Toolkit\;C:\Program Files\Microsoft SQL Server\110\Tools\Binn\;C:\Program Files\TortoiseSVN\bin;C:\Program Files\Microsoft\Web Platform Installer\;C:\Program Files (x86)\Microsoft SDKs\TypeScript\1.0\;C:\Program Files\Microsoft SQL Server\120\Tools\Binn\;C:\Program Files\Microsoft SQL Server\130\Tools\Binn\;C:\Program Files\dotnet\;C:\Program Files\Git\cmd;D:\Soft\nodejs\;D:\Program Files\TortoiseGit\bin;D:\Program Files (x86)\SSH Communications Security\SSH Secure Shell;C:\Users\haozh\AppData\Roaming\npm;D:\Program Files\Docker Toolbox;D:\Program Files (x86)\Microsoft VS Code\bin;D:\Program Files (x86)\Java\jdk1.8.0_112\bin
10 verbose lifecycle react-redux-todolist@1.0.0~dev: CWD: D:\zh\练习代码\ReactTraining\react-redux-todolist
11 silly lifecycle react-redux-todolist@1.0.0~dev: Args: [ '/d /s /c',
11 silly lifecycle   'webpack-dev-server --devtool eval --progress --colors --content-base build' ]
12 silly lifecycle react-redux-todolist@1.0.0~dev: Returned: code: 3221225786  signal: null
13 info lifecycle react-redux-todolist@1.0.0~dev: Failed to exec dev script
14 verbose stack Error: react-redux-todolist@1.0.0 dev: `webpack-dev-server --devtool eval --progress --colors --content-base build`
14 verbose stack Exit status 3221225786
14 verbose stack     at EventEmitter.<anonymous> (D:\Soft\nodejs\node_modules\npm\lib\utils\lifecycle.js:255:16)
14 verbose stack     at emitTwo (events.js:106:13)
14 verbose stack     at EventEmitter.emit (events.js:191:7)
14 verbose stack     at ChildProcess.<anonymous> (D:\Soft\nodejs\node_modules\npm\lib\utils\spawn.js:40:14)
14 verbose stack     at emitTwo (events.js:106:13)
14 verbose stack     at ChildProcess.emit (events.js:191:7)
14 verbose stack     at maybeClose (internal/child_process.js:886:16)
14 verbose stack     at Process.ChildProcess._handle.onexit (internal/child_process.js:226:5)
15 verbose pkgid react-redux-todolist@1.0.0
16 verbose cwd D:\zh\练习代码\ReactTraining\react-redux-todolist
17 error Windows_NT 6.1.7601
18 error argv "D:\\Soft\\nodejs\\node.exe" "D:\\Soft\\nodejs\\node_modules\\npm\\bin\\npm-cli.js" "run" "dev"
19 error node v6.10.1
20 error npm  v3.10.10
21 error code ELIFECYCLE
22 error react-redux-todolist@1.0.0 dev: `webpack-dev-server --devtool eval --progress --colors --content-base build`
22 error Exit status 3221225786
23 error Failed at the react-redux-todolist@1.0.0 dev script 'webpack-dev-server --devtool eval --progress --colors --content-base build'.
23 error Make sure you have the latest version of node.js and npm installed.
23 error If you do, this is most likely a problem with the react-redux-todolist package,
23 error not with npm itself.
23 error Tell the author that this fails on your system:
23 error     webpack-dev-server --devtool eval --progress --colors --content-base build
23 error You can get information on how to open an issue for this project with:
23 error     npm bugs react-redux-todolist
23 error Or if that isn't available, you can get their info via:
23 error     npm owner ls react-redux-todolist
23 error There is likely additional logging output above.
24 verbose exit [ 1, true ]
